<?xml version="1.0" encoding="UTF-8"?>
<testng-results ignored="0" total="1" passed="1" failed="0" skipped="0">
  <reporter-output>
  </reporter-output>
  <suite started-at="2024-11-19T08:24:15 IST" name="Default suite" finished-at="2024-11-19T08:25:21 IST" duration-ms="66668">
    <groups>
    </groups>
    <test started-at="2024-11-19T08:24:15 IST" name="Default test" finished-at="2024-11-19T08:25:21 IST" duration-ms="66668">
      <class name="Shopperstack_TestScripts.TC_003_verify_User_Is_Able_To_Add_Product_to_Cart_or_not">
        <test-method is-config="true" signature="beforeSuite()[pri:0, instance:Shopperstack_TestScripts.TC_003_verify_User_Is_Able_To_Add_Product_to_Cart_or_not@7586beff]" started-at="2024-11-19T08:24:14 IST" name="beforeSuite" finished-at="2024-11-19T08:24:15 IST" duration-ms="322" status="PASS">
          <reporter-output>
          </reporter-output>
        </test-method> <!-- beforeSuite -->
        <test-method is-config="true" signature="beforeTest()[pri:0, instance:Shopperstack_TestScripts.TC_003_verify_User_Is_Able_To_Add_Product_to_Cart_or_not@7586beff]" started-at="2024-11-19T08:24:15 IST" name="beforeTest" finished-at="2024-11-19T08:24:17 IST" duration-ms="1944" status="PASS">
          <reporter-output>
          </reporter-output>
        </test-method> <!-- beforeTest -->
        <test-method is-config="true" signature="beforeClass()[pri:0, instance:Shopperstack_TestScripts.TC_003_verify_User_Is_Able_To_Add_Product_to_Cart_or_not@7586beff]" started-at="2024-11-19T08:24:17 IST" name="beforeClass" finished-at="2024-11-19T08:24:34 IST" duration-ms="16971" status="PASS">
          <reporter-output>
          </reporter-output>
        </test-method> <!-- beforeClass -->
        <test-method is-config="true" signature="beforeMethod()[pri:0, instance:Shopperstack_TestScripts.TC_003_verify_User_Is_Able_To_Add_Product_to_Cart_or_not@7586beff]" started-at="2024-11-19T08:24:34 IST" name="beforeMethod" finished-at="2024-11-19T08:24:48 IST" duration-ms="14510" status="PASS">
          <reporter-output>
          </reporter-output>
        </test-method> <!-- beforeMethod -->
        <test-method signature="orderProduct()[pri:0, instance:Shopperstack_TestScripts.TC_003_verify_User_Is_Able_To_Add_Product_to_Cart_or_not@7586beff]" started-at="2024-11-19T08:24:48 IST" name="orderProduct" finished-at="2024-11-19T08:25:16 IST" duration-ms="28167" status="PASS">
          <reporter-output>
          </reporter-output>
        </test-method> <!-- orderProduct -->
        <test-method is-config="true" signature="afterMethod()[pri:0, instance:Shopperstack_TestScripts.TC_003_verify_User_Is_Able_To_Add_Product_to_Cart_or_not@7586beff]" started-at="2024-11-19T08:25:16 IST" name="afterMethod" finished-at="2024-11-19T08:25:17 IST" duration-ms="970" status="PASS">
          <reporter-output>
          </reporter-output>
        </test-method> <!-- afterMethod -->
        <test-method is-config="true" signature="afterClass()[pri:0, instance:Shopperstack_TestScripts.TC_003_verify_User_Is_Able_To_Add_Product_to_Cart_or_not@7586beff]" started-at="2024-11-19T08:25:17 IST" name="afterClass" finished-at="2024-11-19T08:25:21 IST" duration-ms="3356" status="PASS">
          <reporter-output>
          </reporter-output>
        </test-method> <!-- afterClass -->
        <test-method is-config="true" signature="afterTest()[pri:0, instance:Shopperstack_TestScripts.TC_003_verify_User_Is_Able_To_Add_Product_to_Cart_or_not@7586beff]" started-at="2024-11-19T08:25:21 IST" name="afterTest" finished-at="2024-11-19T08:25:21 IST" duration-ms="577" status="PASS">
          <reporter-output>
          </reporter-output>
        </test-method> <!-- afterTest -->
        <test-method is-config="true" signature="afterSuite()[pri:0, instance:Shopperstack_TestScripts.TC_003_verify_User_Is_Able_To_Add_Product_to_Cart_or_not@7586beff]" started-at="2024-11-19T08:25:22 IST" name="afterSuite" finished-at="2024-11-19T08:25:22 IST" duration-ms="4" status="PASS">
          <reporter-output>
          </reporter-output>
        </test-method> <!-- afterSuite -->
      </class> <!-- Shopperstack_TestScripts.TC_003_verify_User_Is_Able_To_Add_Product_to_Cart_or_not -->
    </test> <!-- Default test -->
  </suite> <!-- Default suite -->
</testng-results>
